[2026-05-18 11:46:15] local.ERROR: Database file at path [G:\QuizFlex\QuizFlex\be_quizflex\database\database.sqlite] does not exist. Ensure this is an absolute path to the database. (Connection: sqlite, Database: G:\QuizFlex\QuizFlex\be_quizflex\database\database.sqlite, SQL: delete from "cache") {"exception":"[object] (Illuminate\\Database\\QueryException(code: 0): Database file at path [G:\\QuizFlex\\QuizFlex\\be_quizflex\\database\\database.sqlite] does not exist. Ensure this is an absolute path to the database. (Connection: sqlite, Database: G:\\QuizFlex\\QuizFlex\\be_quizflex\\database\\database.sqlite, SQL: delete from \"cache\") at G:/QuizFlex/QuizFlex/be_quizflex/vendor/laravel/framework/src/Illuminate/Database/Connection.php:841)
[stacktrace]
#0 G:/QuizFlex/QuizFlex/be_quizflex/vendor/laravel/framework/src/Illuminate/Database/Connection.php(797): Illuminate/Database/Connection->runQueryCallback('delete from \"ca...', Array, Object(Closure))
#1 G:/QuizFlex/QuizFlex/be_quizflex/vendor/laravel/framework/src/Illuminate/Database/Connection.php(600): Illuminate/Database/Connection->run('delete from \"ca...', Array, Object(Closure))
#2 G:/QuizFlex/QuizFlex/be_quizflex/vendor/laravel/framework/src/Illuminate/Database/Connection.php(564): Illuminate/Database/Connection->affectingStatement('delete from \"ca...', Array)
#3 G:/QuizFlex/QuizFlex/be_quizflex/vendor/laravel/framework/src/Illuminate/Database/Query/Builder.php(4514): Illuminate/Database/Connection->delete('delete from \"ca...', Array)
#4 G:/QuizFlex/QuizFlex/be_quizflex/vendor/laravel/framework/src/Illuminate/Cache/DatabaseStore.php(450): Illuminate/Database/Query/Builder->delete()
#5 G:/QuizFlex/QuizFlex/be_quizflex/vendor/laravel/framework/src/Illuminate/Cache/Repository.php(1049): Illuminate/Cache/DatabaseStore->flush()
#6 G:/QuizFlex/QuizFlex/be_quizflex/vendor/laravel/framework/src/Illuminate/Cache/Console/ClearCommand.php(73): Illuminate/Cache/Repository->__call('flush', Array)
#7 G:/QuizFlex/QuizFlex/be_quizflex/vendor/laravel/framework/src/Illuminate/Container/BoundMethod.php(36): Illuminate/Cache/Console/ClearCommand->handle()
#8 G:/QuizFlex/QuizFlex/be_quizflex/vendor/laravel/framework/src/Illuminate/Container/Util.php(43): Illuminate/Container/BoundMethod::Illuminate/Container/{closure}()
#9 G:/QuizFlex/QuizFlex/be_quizflex/vendor/laravel/framework/src/Illuminate/Container/BoundMethod.php(96): Illuminate/Container/Util::unwrapIfClosure(Object(Closure))
#10 G:/QuizFlex/QuizFlex/be_quizflex/vendor/laravel/framework/src/Illuminate/Container/BoundMethod.php(35): Illuminate/Container/BoundMethod::callBoundMethod(Object(Illuminate/Foundation/Application), Array, Object(Closure))
#11 G:/QuizFlex/QuizFlex/be_quizflex/vendor/laravel/framework/src/Illuminate/Container/Container.php(799): Illuminate/Container/BoundMethod::call(Object(Illuminate/Foundation/Application), Array, Array, NULL)
#12 G:/QuizFlex/QuizFlex/be_quizflex/vendor/laravel/framework/src/Illuminate/Console/Command.php(280): Illuminate/Container/Container->call(Array)
#13 G:/QuizFlex/QuizFlex/be_quizflex/vendor/symfony/console/Command/Command.php(341): Illuminate/Console/Command->execute(Object(Symfony/Component/Console/Input/ArgvInput), Object(Illuminate/Console/OutputStyle))
#14 G:/QuizFlex/QuizFlex/be_quizflex/vendor/laravel/framework/src/Illuminate/Console/Command.php(249): Symfony/Component/Console/Command/Command->run(Object(Symfony/Component/Console/Input/ArgvInput), Object(Illuminate/Console/OutputStyle))
#15 G:/QuizFlex/QuizFlex/be_quizflex/vendor/symfony/console/Application.php(1117): Illuminate/Console/Command->run(Object(Symfony/Component/Console/Input/ArgvInput), Object(Symfony/Component/Console/Output/ConsoleOutput))
#16 G:/QuizFlex/QuizFlex/be_quizflex/vendor/symfony/console/Application.php(356): Symfony/Component/Console/Application->doRunCommand(Object(Illuminate/Cache/Console/ClearCommand), Object(Symfony/Component/Console/Input/ArgvInput), Object(Symfony/Component/Console/Output/ConsoleOutput))
#17 G:/QuizFlex/QuizFlex/be_quizflex/vendor/symfony/console/Application.php(195): Symfony/Component/Console/Application->doRun(Object(Symfony/Component/Console/Input/ArgvInput), Object(Symfony/Component/Console/Output/ConsoleOutput))
#18 G:/QuizFlex/QuizFlex/be_quizflex/vendor/laravel/framework/src/Illuminate/Foundation/Console/Kernel.php(198): Symfony/Component/Console/Application->run(Object(Symfony/Component/Console/Input/ArgvInput), Object(Symfony/Component/Console/Output/ConsoleOutput))
#19 G:/QuizFlex/QuizFlex/be_quizflex/vendor/laravel/framework/src/Illuminate/Foundation/Application.php(1235): Illuminate/Foundation/Console/Kernel->handle(Object(Symfony/Component/Console/Input/ArgvInput), Object(Symfony/Component/Console/Output/ConsoleOutput))
#20 G:/QuizFlex/QuizFlex/be_quizflex/artisan(16): Illuminate/Foundation/Application->handleCommand(Object(Symfony/Component/Console/Input/ArgvInput))
#21 {main}

[previous exception] [object] (Illuminate\\Database\\SQLiteDatabaseDoesNotExistException(code: 0): Database file at path [G:\\QuizFlex\\QuizFlex\\be_quizflex\\database\\database.sqlite] does not exist. Ensure this is an absolute path to the database. at G:/QuizFlex/QuizFlex/be_quizflex/vendor/laravel/framework/src/Illuminate/Database/Connectors/SQLiteConnector.php:60)
[stacktrace]
#0 G:/QuizFlex/QuizFlex/be_quizflex/vendor/laravel/framework/src/Illuminate/Database/Connectors/SQLiteConnector.php(19): Illuminate/Database/Connectors/SQLiteConnector->parseDatabasePath(false)
#1 G:/QuizFlex/QuizFlex/be_quizflex/vendor/laravel/framework/src/Illuminate/Database/Connectors/ConnectionFactory.php(227): Illuminate/Database/Connectors/SQLiteConnector->connect(Array)
#2 [internal function]: Illuminate/Database/Connectors/ConnectionFactory->Illuminate/Database/Connectors/{closure}()
#3 G:/QuizFlex/QuizFlex/be_quizflex/vendor/laravel/framework/src/Illuminate/Database/Connection.php(1279): call_user_func(Object(Closure))
#4 G:/QuizFlex/QuizFlex/be_quizflex/vendor/laravel/framework/src/Illuminate/Database/Connection.php(608): Illuminate/Database/Connection->getPdo()
#5 G:/QuizFlex/QuizFlex/be_quizflex/vendor/laravel/framework/src/Illuminate/Database/Connection.php(830): Illuminate/Database/Connection->Illuminate/Database/{closure}('delete from \"ca...', Array)
#6 G:/QuizFlex/QuizFlex/be_quizflex/vendor/laravel/framework/src/Illuminate/Database/Connection.php(797): Illuminate/Database/Connection->runQueryCallback('delete from \"ca...', Array, Object(Closure))
#7 G:/QuizFlex/QuizFlex/be_quizflex/vendor/laravel/framework/src/Illuminate/Database/Connection.php(600): Illuminate/Database/Connection->run('delete from \"ca...', Array, Object(Closure))
#8 G:/QuizFlex/QuizFlex/be_quizflex/vendor/laravel/framework/src/Illuminate/Database/Connection.php(564): Illuminate/Database/Connection->affectingStatement('delete from \"ca...', Array)
#9 G:/QuizFlex/QuizFlex/be_quizflex/vendor/laravel/framework/src/Illuminate/Database/Query/Builder.php(4514): Illuminate/Database/Connection->delete('delete from \"ca...', Array)
#10 G:/QuizFlex/QuizFlex/be_quizflex/vendor/laravel/framework/src/Illuminate/Cache/DatabaseStore.php(450): Illuminate/Database/Query/Builder->delete()
#11 G:/QuizFlex/QuizFlex/be_quizflex/vendor/laravel/framework/src/Illuminate/Cache/Repository.php(1049): Illuminate/Cache/DatabaseStore->flush()
#12 G:/QuizFlex/QuizFlex/be_quizflex/vendor/laravel/framework/src/Illuminate/Cache/Console/ClearCommand.php(73): Illuminate/Cache/Repository->__call('flush', Array)
#13 G:/QuizFlex/QuizFlex/be_quizflex/vendor/laravel/framework/src/Illuminate/Container/BoundMethod.php(36): Illuminate/Cache/Console/ClearCommand->handle()
#14 G:/QuizFlex/QuizFlex/be_quizflex/vendor/laravel/framework/src/Illuminate/Container/Util.php(43): Illuminate/Container/BoundMethod::Illuminate/Container/{closure}()
#15 G:/QuizFlex/QuizFlex/be_quizflex/vendor/laravel/framework/src/Illuminate/Container/BoundMethod.php(96): Illuminate/Container/Util::unwrapIfClosure(Object(Closure))
#16 G:/QuizFlex/QuizFlex/be_quizflex/vendor/laravel/framework/src/Illuminate/Container/BoundMethod.php(35): Illuminate/Container/BoundMethod::callBoundMethod(Object(Illuminate/Foundation/Application), Array, Object(Closure))
#17 G:/QuizFlex/QuizFlex/be_quizflex/vendor/laravel/framework/src/Illuminate/Container/Container.php(799): Illuminate/Container/BoundMethod::call(Object(Illuminate/Foundation/Application), Array, Array, NULL)
#18 G:/QuizFlex/QuizFlex/be_quizflex/vendor/laravel/framework/src/Illuminate/Console/Command.php(280): Illuminate/Container/Container->call(Array)
#19 G:/QuizFlex/QuizFlex/be_quizflex/vendor/symfony/console/Command/Command.php(341): Illuminate/Console/Command->execute(Object(Symfony/Component/Console/Input/ArgvInput), Object(Illuminate/Console/OutputStyle))
#20 G:/QuizFlex/QuizFlex/be_quizflex/vendor/laravel/framework/src/Illuminate/Console/Command.php(249): Symfony/Component/Console/Command/Command->run(Object(Symfony/Component/Console/Input/ArgvInput), Object(Illuminate/Console/OutputStyle))
#21 G:/QuizFlex/QuizFlex/be_quizflex/vendor/symfony/console/Application.php(1117): Illuminate/Console/Command->run(Object(Symfony/Component/Console/Input/ArgvInput), Object(Symfony/Component/Console/Output/ConsoleOutput))
#22 G:/QuizFlex/QuizFlex/be_quizflex/vendor/symfony/console/Application.php(356): Symfony/Component/Console/Application->doRunCommand(Object(Illuminate/Cache/Console/ClearCommand), Object(Symfony/Component/Console/Input/ArgvInput), Object(Symfony/Component/Console/Output/ConsoleOutput))
#23 G:/QuizFlex/QuizFlex/be_quizflex/vendor/symfony/console/Application.php(195): Symfony/Component/Console/Application->doRun(Object(Symfony/Component/Console/Input/ArgvInput), Object(Symfony/Component/Console/Output/ConsoleOutput))
#24 G:/QuizFlex/QuizFlex/be_quizflex/vendor/laravel/framework/src/Illuminate/Foundation/Console/Kernel.php(198): Symfony/Component/Console/Application->run(Object(Symfony/Component/Console/Input/ArgvInput), Object(Symfony/Component/Console/Output/ConsoleOutput))
#25 G:/QuizFlex/QuizFlex/be_quizflex/vendor/laravel/framework/src/Illuminate/Foundation/Application.php(1235): Illuminate/Foundation/Console/Kernel->handle(Object(Symfony/Component/Console/Input/ArgvInput), Object(Symfony/Component/Console/Output/ConsoleOutput))
#26 G:/QuizFlex/QuizFlex/be_quizflex/artisan(16): Illuminate/Foundation/Application->handleCommand(Object(Symfony/Component/Console/Input/ArgvInput))
#27 {main}
"} 
[2026-05-18 11:46:16] local.ERROR: Database file at path [G:\QuizFlex\QuizFlex\be_quizflex\database\database.sqlite] does not exist. Ensure this is an absolute path to the database. (Connection: sqlite, Database: G:\QuizFlex\QuizFlex\be_quizflex\database\database.sqlite, SQL: delete from "cache") {"exception":"[object] (Illuminate\\Database\\QueryException(code: 0): Database file at path [G:\\QuizFlex\\QuizFlex\\be_quizflex\\database\\database.sqlite] does not exist. Ensure this is an absolute path to the database. (Connection: sqlite, Database: G:\\QuizFlex\\QuizFlex\\be_quizflex\\database\\database.sqlite, SQL: delete from \"cache\") at G:/QuizFlex/QuizFlex/be_quizflex/vendor/laravel/framework/src/Illuminate/Database/Connection.php:841)
[stacktrace]
#0 G:/QuizFlex/QuizFlex/be_quizflex/vendor/laravel/framework/src/Illuminate/Database/Connection.php(797): Illuminate/Database/Connection->runQueryCallback('delete from \"ca...', Array, Object(Closure))
#1 G:/QuizFlex/QuizFlex/be_quizflex/vendor/laravel/framework/src/Illuminate/Database/Connection.php(600): Illuminate/Database/Connection->run('delete from \"ca...', Array, Object(Closure))
#2 G:/QuizFlex/QuizFlex/be_quizflex/vendor/laravel/framework/src/Illuminate/Database/Connection.php(564): Illuminate/Database/Connection->affectingStatement('delete from \"ca...', Array)
#3 G:/QuizFlex/QuizFlex/be_quizflex/vendor/laravel/framework/src/Illuminate/Database/Query/Builder.php(4514): Illuminate/Database/Connection->delete('delete from \"ca...', Array)
#4 G:/QuizFlex/QuizFlex/be_quizflex/vendor/laravel/framework/src/Illuminate/Cache/DatabaseStore.php(450): Illuminate/Database/Query/Builder->delete()
#5 G:/QuizFlex/QuizFlex/be_quizflex/vendor/laravel/framework/src/Illuminate/Cache/Repository.php(1049): Illuminate/Cache/DatabaseStore->flush()
#6 G:/QuizFlex/QuizFlex/be_quizflex/vendor/laravel/framework/src/Illuminate/Cache/Console/ClearCommand.php(73): Illuminate/Cache/Repository->__call('flush', Array)
#7 G:/QuizFlex/QuizFlex/be_quizflex/vendor/laravel/framework/src/Illuminate/Container/BoundMethod.php(36): Illuminate/Cache/Console/ClearCommand->handle()
#8 G:/QuizFlex/QuizFlex/be_quizflex/vendor/laravel/framework/src/Illuminate/Container/Util.php(43): Illuminate/Container/BoundMethod::Illuminate/Container/{closure}()
#9 G:/QuizFlex/QuizFlex/be_quizflex/vendor/laravel/framework/src/Illuminate/Container/BoundMethod.php(96): Illuminate/Container/Util::unwrapIfClosure(Object(Closure))
#10 G:/QuizFlex/QuizFlex/be_quizflex/vendor/laravel/framework/src/Illuminate/Container/BoundMethod.php(35): Illuminate/Container/BoundMethod::callBoundMethod(Object(Illuminate/Foundation/Application), Array, Object(Closure))
#11 G:/QuizFlex/QuizFlex/be_quizflex/vendor/laravel/framework/src/Illuminate/Container/Container.php(799): Illuminate/Container/BoundMethod::call(Object(Illuminate/Foundation/Application), Array, Array, NULL)
#12 G:/QuizFlex/QuizFlex/be_quizflex/vendor/laravel/framework/src/Illuminate/Console/Command.php(280): Illuminate/Container/Container->call(Array)
#13 G:/QuizFlex/QuizFlex/be_quizflex/vendor/symfony/console/Command/Command.php(341): Illuminate/Console/Command->execute(Object(Symfony/Component/Console/Input/ArrayInput), Object(Illuminate/Console/OutputStyle))
#14 G:/QuizFlex/QuizFlex/be_quizflex/vendor/laravel/framework/src/Illuminate/Console/Command.php(249): Symfony/Component/Console/Command/Command->run(Object(Symfony/Component/Console/Input/ArrayInput), Object(Illuminate/Console/OutputStyle))
#15 G:/QuizFlex/QuizFlex/be_quizflex/vendor/laravel/framework/src/Illuminate/Console/Concerns/CallsCommands.php(68): Illuminate/Console/Command->run(Object(Symfony/Component/Console/Input/ArrayInput), Object(Symfony/Component/Console/Output/NullOutput))
#16 G:/QuizFlex/QuizFlex/be_quizflex/vendor/laravel/framework/src/Illuminate/Console/Concerns/CallsCommands.php(41): Illuminate/Console/Command->runCommand('cache:clear', Array, Object(Symfony/Component/Console/Output/NullOutput))
#17 G:/QuizFlex/QuizFlex/be_quizflex/vendor/laravel/framework/src/Illuminate/Console/Concerns/CallsCommands.php(53): Illuminate/Console/Command->callSilent('cache:clear', Array)
#18 G:/QuizFlex/QuizFlex/be_quizflex/vendor/laravel/framework/src/Illuminate/Foundation/Console/OptimizeClearCommand.php(48): Illuminate/Console/Command->callSilently('cache:clear')
#19 G:/QuizFlex/QuizFlex/be_quizflex/vendor/laravel/framework/src/Illuminate/Console/View/Components/Task.php(43): Illuminate/Foundation/Console/OptimizeClearCommand->Illuminate/Foundation/Console/{closure}()
#20 G:/QuizFlex/QuizFlex/be_quizflex/vendor/laravel/framework/src/Illuminate/Console/View/Components/Factory.php(59): Illuminate/Console/View/Components/Task->render('cache', Object(Closure))
#21 G:/QuizFlex/QuizFlex/be_quizflex/vendor/laravel/framework/src/Illuminate/Foundation/Console/OptimizeClearCommand.php(48): Illuminate/Console/View/Components/Factory->__call('task', Array)
#22 G:/QuizFlex/QuizFlex/be_quizflex/vendor/laravel/framework/src/Illuminate/Container/BoundMethod.php(36): Illuminate/Foundation/Console/OptimizeClearCommand->handle()
#23 G:/QuizFlex/QuizFlex/be_quizflex/vendor/laravel/framework/src/Illuminate/Container/Util.php(43): Illuminate/Container/BoundMethod::Illuminate/Container/{closure}()
#24 G:/QuizFlex/QuizFlex/be_quizflex/vendor/laravel/framework/src/Illuminate/Container/BoundMethod.php(96): Illuminate/Container/Util::unwrapIfClosure(Object(Closure))
#25 G:/QuizFlex/QuizFlex/be_quizflex/vendor/laravel/framework/src/Illuminate/Container/BoundMethod.php(35): Illuminate/Container/BoundMethod::callBoundMethod(Object(Illuminate/Foundation/Application), Array, Object(Closure))
#26 G:/QuizFlex/QuizFlex/be_quizflex/vendor/laravel/framework/src/Illuminate/Container/Container.php(799): Illuminate/Container/BoundMethod::call(Object(Illuminate/Foundation/Application), Array, Array, NULL)
#27 G:/QuizFlex/QuizFlex/be_quizflex/vendor/laravel/framework/src/Illuminate/Console/Command.php(280): Illuminate/Container/Container->call(Array)
#28 G:/QuizFlex/QuizFlex/be_quizflex/vendor/symfony/console/Command/Command.php(341): Illuminate/Console/Command->execute(Object(Symfony/Component/Console/Input/ArgvInput), Object(Illuminate/Console/OutputStyle))
#29 G:/QuizFlex/QuizFlex/be_quizflex/vendor/laravel/framework/src/Illuminate/Console/Command.php(249): Symfony/Component/Console/Command/Command->run(Object(Symfony/Component/Console/Input/ArgvInput), Object(Illuminate/Console/OutputStyle))
#30 G:/QuizFlex/QuizFlex/be_quizflex/vendor/symfony/console/Application.php(1117): Illuminate/Console/Command->run(Object(Symfony/Component/Console/Input/ArgvInput), Object(Symfony/Component/Console/Output/ConsoleOutput))
#31 G:/QuizFlex/QuizFlex/be_quizflex/vendor/symfony/console/Application.php(356): Symfony/Component/Console/Application->doRunCommand(Object(Illuminate/Foundation/Console/OptimizeClearCommand), Object(Symfony/Component/Console/Input/ArgvInput), Object(Symfony/Component/Console/Output/ConsoleOutput))
#32 G:/QuizFlex/QuizFlex/be_quizflex/vendor/symfony/console/Application.php(195): Symfony/Component/Console/Application->doRun(Object(Symfony/Component/Console/Input/ArgvInput), Object(Symfony/Component/Console/Output/ConsoleOutput))
#33 G:/QuizFlex/QuizFlex/be_quizflex/vendor/laravel/framework/src/Illuminate/Foundation/Console/Kernel.php(198): Symfony/Component/Console/Application->run(Object(Symfony/Component/Console/Input/ArgvInput), Object(Symfony/Component/Console/Output/ConsoleOutput))
#34 G:/QuizFlex/QuizFlex/be_quizflex/vendor/laravel/framework/src/Illuminate/Foundation/Application.php(1235): Illuminate/Foundation/Console/Kernel->handle(Object(Symfony/Component/Console/Input/ArgvInput), Object(Symfony/Component/Console/Output/ConsoleOutput))
#35 G:/QuizFlex/QuizFlex/be_quizflex/artisan(16): Illuminate/Foundation/Application->handleCommand(Object(Symfony/Component/Console/Input/ArgvInput))
#36 {main}

[previous exception] [object] (Illuminate\\Database\\SQLiteDatabaseDoesNotExistException(code: 0): Database file at path [G:\\QuizFlex\\QuizFlex\\be_quizflex\\database\\database.sqlite] does not exist. Ensure this is an absolute path to the database. at G:/QuizFlex/QuizFlex/be_quizflex/vendor/laravel/framework/src/Illuminate/Database/Connectors/SQLiteConnector.php:60)
[stacktrace]
#0 G:/QuizFlex/QuizFlex/be_quizflex/vendor/laravel/framework/src/Illuminate/Database/Connectors/SQLiteConnector.php(19): Illuminate/Database/Connectors/SQLiteConnector->parseDatabasePath(false)
#1 G:/QuizFlex/QuizFlex/be_quizflex/vendor/laravel/framework/src/Illuminate/Database/Connectors/ConnectionFactory.php(227): Illuminate/Database/Connectors/SQLiteConnector->connect(Array)
#2 [internal function]: Illuminate/Database/Connectors/ConnectionFactory->Illuminate/Database/Connectors/{closure}()
#3 G:/QuizFlex/QuizFlex/be_quizflex/vendor/laravel/framework/src/Illuminate/Database/Connection.php(1279): call_user_func(Object(Closure))
#4 G:/QuizFlex/QuizFlex/be_quizflex/vendor/laravel/framework/src/Illuminate/Database/Connection.php(608): Illuminate/Database/Connection->getPdo()
#5 G:/QuizFlex/QuizFlex/be_quizflex/vendor/laravel/framework/src/Illuminate/Database/Connection.php(830): Illuminate/Database/Connection->Illuminate/Database/{closure}('delete from \"ca...', Array)
#6 G:/QuizFlex/QuizFlex/be_quizflex/vendor/laravel/framework/src/Illuminate/Database/Connection.php(797): Illuminate/Database/Connection->runQueryCallback('delete from \"ca...', Array, Object(Closure))
#7 G:/QuizFlex/QuizFlex/be_quizflex/vendor/laravel/framework/src/Illuminate/Database/Connection.php(600): Illuminate/Database/Connection->run('delete from \"ca...', Array, Object(Closure))
#8 G:/QuizFlex/QuizFlex/be_quizflex/vendor/laravel/framework/src/Illuminate/Database/Connection.php(564): Illuminate/Database/Connection->affectingStatement('delete from \"ca...', Array)
#9 G:/QuizFlex/QuizFlex/be_quizflex/vendor/laravel/framework/src/Illuminate/Database/Query/Builder.php(4514): Illuminate/Database/Connection->delete('delete from \"ca...', Array)
#10 G:/QuizFlex/QuizFlex/be_quizflex/vendor/laravel/framework/src/Illuminate/Cache/DatabaseStore.php(450): Illuminate/Database/Query/Builder->delete()
#11 G:/QuizFlex/QuizFlex/be_quizflex/vendor/laravel/framework/src/Illuminate/Cache/Repository.php(1049): Illuminate/Cache/DatabaseStore->flush()
#12 G:/QuizFlex/QuizFlex/be_quizflex/vendor/laravel/framework/src/Illuminate/Cache/Console/ClearCommand.php(73): Illuminate/Cache/Repository->__call('flush', Array)
#13 G:/QuizFlex/QuizFlex/be_quizflex/vendor/laravel/framework/src/Illuminate/Container/BoundMethod.php(36): Illuminate/Cache/Console/ClearCommand->handle()
#14 G:/QuizFlex/QuizFlex/be_quizflex/vendor/laravel/framework/src/Illuminate/Container/Util.php(43): Illuminate/Container/BoundMethod::Illuminate/Container/{closure}()
#15 G:/QuizFlex/QuizFlex/be_quizflex/vendor/laravel/framework/src/Illuminate/Container/BoundMethod.php(96): Illuminate/Container/Util::unwrapIfClosure(Object(Closure))
#16 G:/QuizFlex/QuizFlex/be_quizflex/vendor/laravel/framework/src/Illuminate/Container/BoundMethod.php(35): Illuminate/Container/BoundMethod::callBoundMethod(Object(Illuminate/Foundation/Application), Array, Object(Closure))
#17 G:/QuizFlex/QuizFlex/be_quizflex/vendor/laravel/framework/src/Illuminate/Container/Container.php(799): Illuminate/Container/BoundMethod::call(Object(Illuminate/Foundation/Application), Array, Array, NULL)
#18 G:/QuizFlex/QuizFlex/be_quizflex/vendor/laravel/framework/src/Illuminate/Console/Command.php(280): Illuminate/Container/Container->call(Array)
#19 G:/QuizFlex/QuizFlex/be_quizflex/vendor/symfony/console/Command/Command.php(341): Illuminate/Console/Command->execute(Object(Symfony/Component/Console/Input/ArrayInput), Object(Illuminate/Console/OutputStyle))
#20 G:/QuizFlex/QuizFlex/be_quizflex/vendor/laravel/framework/src/Illuminate/Console/Command.php(249): Symfony/Component/Console/Command/Command->run(Object(Symfony/Component/Console/Input/ArrayInput), Object(Illuminate/Console/OutputStyle))
#21 G:/QuizFlex/QuizFlex/be_quizflex/vendor/laravel/framework/src/Illuminate/Console/Concerns/CallsCommands.php(68): Illuminate/Console/Command->run(Object(Symfony/Component/Console/Input/ArrayInput), Object(Symfony/Component/Console/Output/NullOutput))
#22 G:/QuizFlex/QuizFlex/be_quizflex/vendor/laravel/framework/src/Illuminate/Console/Concerns/CallsCommands.php(41): Illuminate/Console/Command->runCommand('cache:clear', Array, Object(Symfony/Component/Console/Output/NullOutput))
#23 G:/QuizFlex/QuizFlex/be_quizflex/vendor/laravel/framework/src/Illuminate/Console/Concerns/CallsCommands.php(53): Illuminate/Console/Command->callSilent('cache:clear', Array)
#24 G:/QuizFlex/QuizFlex/be_quizflex/vendor/laravel/framework/src/Illuminate/Foundation/Console/OptimizeClearCommand.php(48): Illuminate/Console/Command->callSilently('cache:clear')
#25 G:/QuizFlex/QuizFlex/be_quizflex/vendor/laravel/framework/src/Illuminate/Console/View/Components/Task.php(43): Illuminate/Foundation/Console/OptimizeClearCommand->Illuminate/Foundation/Console/{closure}()
#26 G:/QuizFlex/QuizFlex/be_quizflex/vendor/laravel/framework/src/Illuminate/Console/View/Components/Factory.php(59): Illuminate/Console/View/Components/Task->render('cache', Object(Closure))
#27 G:/QuizFlex/QuizFlex/be_quizflex/vendor/laravel/framework/src/Illuminate/Foundation/Console/OptimizeClearCommand.php(48): Illuminate/Console/View/Components/Factory->__call('task', Array)
#28 G:/QuizFlex/QuizFlex/be_quizflex/vendor/laravel/framework/src/Illuminate/Container/BoundMethod.php(36): Illuminate/Foundation/Console/OptimizeClearCommand->handle()
#29 G:/QuizFlex/QuizFlex/be_quizflex/vendor/laravel/framework/src/Illuminate/Container/Util.php(43): Illuminate/Container/BoundMethod::Illuminate/Container/{closure}()
#30 G:/QuizFlex/QuizFlex/be_quizflex/vendor/laravel/framework/src/Illuminate/Container/BoundMethod.php(96): Illuminate/Container/Util::unwrapIfClosure(Object(Closure))
#31 G:/QuizFlex/QuizFlex/be_quizflex/vendor/laravel/framework/src/Illuminate/Container/BoundMethod.php(35): Illuminate/Container/BoundMethod::callBoundMethod(Object(Illuminate/Foundation/Application), Array, Object(Closure))
#32 G:/QuizFlex/QuizFlex/be_quizflex/vendor/laravel/framework/src/Illuminate/Container/Container.php(799): Illuminate/Container/BoundMethod::call(Object(Illuminate/Foundation/Application), Array, Array, NULL)
#33 G:/QuizFlex/QuizFlex/be_quizflex/vendor/laravel/framework/src/Illuminate/Console/Command.php(280): Illuminate/Container/Container->call(Array)
#34 G:/QuizFlex/QuizFlex/be_quizflex/vendor/symfony/console/Command/Command.php(341): Illuminate/Console/Command->execute(Object(Symfony/Component/Console/Input/ArgvInput), Object(Illuminate/Console/OutputStyle))
#35 G:/QuizFlex/QuizFlex/be_quizflex/vendor/laravel/framework/src/Illuminate/Console/Command.php(249): Symfony/Component/Console/Command/Command->run(Object(Symfony/Component/Console/Input/ArgvInput), Object(Illuminate/Console/OutputStyle))
#36 G:/QuizFlex/QuizFlex/be_quizflex/vendor/symfony/console/Application.php(1117): Illuminate/Console/Command->run(Object(Symfony/Component/Console/Input/ArgvInput), Object(Symfony/Component/Console/Output/ConsoleOutput))
#37 G:/QuizFlex/QuizFlex/be_quizflex/vendor/symfony/console/Application.php(356): Symfony/Component/Console/Application->doRunCommand(Object(Illuminate/Foundation/Console/OptimizeClearCommand), Object(Symfony/Component/Console/Input/ArgvInput), Object(Symfony/Component/Console/Output/ConsoleOutput))
#38 G:/QuizFlex/QuizFlex/be_quizflex/vendor/symfony/console/Application.php(195): Symfony/Component/Console/Application->doRun(Object(Symfony/Component/Console/Input/ArgvInput), Object(Symfony/Component/Console/Output/ConsoleOutput))
#39 G:/QuizFlex/QuizFlex/be_quizflex/vendor/laravel/framework/src/Illuminate/Foundation/Console/Kernel.php(198): Symfony/Component/Console/Application->run(Object(Symfony/Component/Console/Input/ArgvInput), Object(Symfony/Component/Console/Output/ConsoleOutput))
#40 G:/QuizFlex/QuizFlex/be_quizflex/vendor/laravel/framework/src/Illuminate/Foundation/Application.php(1235): Illuminate/Foundation/Console/Kernel->handle(Object(Symfony/Component/Console/Input/ArgvInput), Object(Symfony/Component/Console/Output/ConsoleOutput))
#41 G:/QuizFlex/QuizFlex/be_quizflex/artisan(16): Illuminate/Foundation/Application->handleCommand(Object(Symfony/Component/Console/Input/ArgvInput))
#42 {main}
"} 
[2026-05-18 16:28:53] local.ERROR: SQLSTATE[42S01]: Base table or view already exists: 1050 Table 'answers' already exists (Connection: mysql, Host: 127.0.0.1, Port: 3306, Database: quizflex, SQL: create table `answers` (`id` bigint unsigned not null auto_increment primary key, `question_id` bigint unsigned not null, `content` text not null, `is_correct` tinyint(1) not null default '0', `created_at` timestamp null, `updated_at` timestamp null) default character set utf8mb4 collate 'utf8mb4_unicode_ci') {"exception":"[object] (Illuminate\\Database\\QueryException(code: 42S01): SQLSTATE[42S01]: Base table or view already exists: 1050 Table 'answers' already exists (Connection: mysql, Host: 127.0.0.1, Port: 3306, Database: quizflex, SQL: create table `answers` (`id` bigint unsigned not null auto_increment primary key, `question_id` bigint unsigned not null, `content` text not null, `is_correct` tinyint(1) not null default '0', `created_at` timestamp null, `updated_at` timestamp null) default character set utf8mb4 collate 'utf8mb4_unicode_ci') at G:/QuizFlex/QuizFlex/be_quizflex/vendor/laravel/framework/src/Illuminate/Database/Connection.php:841)
[stacktrace]
#0 G:/QuizFlex/QuizFlex/be_quizflex/vendor/laravel/framework/src/Illuminate/Database/Connection.php(797): Illuminate/Database/Connection->runQueryCallback('create table `a...', Array, Object(Closure))
#1 G:/QuizFlex/QuizFlex/be_quizflex/vendor/laravel/framework/src/Illuminate/Database/Connection.php(576): Illuminate/Database/Connection->run('create table `a...', Array, Object(Closure))
#2 G:/QuizFlex/QuizFlex/be_quizflex/vendor/laravel/framework/src/Illuminate/Database/Schema/Blueprint.php(121): Illuminate/Database/Connection->statement('create table `a...')
#3 G:/QuizFlex/QuizFlex/be_quizflex/vendor/laravel/framework/src/Illuminate/Database/Schema/Builder.php(690): Illuminate/Database/Schema/Blueprint->build()
#4 G:/QuizFlex/QuizFlex/be_quizflex/vendor/laravel/framework/src/Illuminate/Database/Schema/Builder.php(508): Illuminate/Database/Schema/Builder->build(Object(Illuminate/Database/Schema/Blueprint))
#5 G:/QuizFlex/QuizFlex/be_quizflex/vendor/laravel/framework/src/Illuminate/Support/Facades/Facade.php(363): Illuminate/Database/Schema/Builder->create('answers', Object(Closure))
#6 G:/QuizFlex/QuizFlex/be_quizflex/database/migrations/2026_05_16_105703_create_answers_table.php.php(14): Illuminate/Support/Facades/Facade::__callStatic('create', Array)
#7 G:/QuizFlex/QuizFlex/be_quizflex/vendor/laravel/framework/src/Illuminate/Database/Migrations/Migrator.php(517): Illuminate/Database/Migrations/Migration@anonymous->up()
#8 G:/QuizFlex/QuizFlex/be_quizflex/vendor/laravel/framework/src/Illuminate/Database/Migrations/Migrator.php(442): Illuminate/Database/Migrations/Migrator->runMethod(Object(Illuminate/Database/MySqlConnection), Object(Illuminate/Database/Migrations/Migration@anonymous), 'up')
#9 G:/QuizFlex/QuizFlex/be_quizflex/vendor/laravel/framework/src/Illuminate/Database/Migrations/Migrator.php(451): Illuminate/Database/Migrations/Migrator->Illuminate/Database/Migrations/{closure}()
#10 G:/QuizFlex/QuizFlex/be_quizflex/vendor/laravel/framework/src/Illuminate/Database/Migrations/Migrator.php(253): Illuminate/Database/Migrations/Migrator->runMigration(Object(Illuminate/Database/Migrations/Migration@anonymous), 'up', '2026_05_16_1057...')
#11 G:/QuizFlex/QuizFlex/be_quizflex/vendor/laravel/framework/src/Illuminate/Console/View/Components/Task.php(43): Illuminate/Database/Migrations/Migrator->Illuminate/Database/Migrations/{closure}()
#12 G:/QuizFlex/QuizFlex/be_quizflex/vendor/laravel/framework/src/Illuminate/Database/Migrations/Migrator.php(814): Illuminate/Console/View/Components/Task->render('2026_05_16_1057...', Object(Closure))
#13 G:/QuizFlex/QuizFlex/be_quizflex/vendor/laravel/framework/src/Illuminate/Database/Migrations/Migrator.php(253): Illuminate/Database/Migrations/Migrator->write('Illuminate//Cons...', '2026_05_16_1057...', Object(Closure))
#14 G:/QuizFlex/QuizFlex/be_quizflex/vendor/laravel/framework/src/Illuminate/Database/Migrations/Migrator.php(211): Illuminate/Database/Migrations/Migrator->runUp('G://QuizFlex//Qui...', 1, false)
#15 G:/QuizFlex/QuizFlex/be_quizflex/vendor/laravel/framework/src/Illuminate/Database/Migrations/Migrator.php(138): Illuminate/Database/Migrations/Migrator->runPending(Array, Array)
#16 G:/QuizFlex/QuizFlex/be_quizflex/vendor/laravel/framework/src/Illuminate/Database/Console/Migrations/MigrateCommand.php(118): Illuminate/Database/Migrations/Migrator->run(Array, Array)
#17 G:/QuizFlex/QuizFlex/be_quizflex/vendor/laravel/framework/src/Illuminate/Database/Migrations/Migrator.php(671): Illuminate/Database/Console/Migrations/MigrateCommand->Illuminate/Database/Console/Migrations/{closure}()
#18 G:/QuizFlex/QuizFlex/be_quizflex/vendor/laravel/framework/src/Illuminate/Database/Console/Migrations/MigrateCommand.php(111): Illuminate/Database/Migrations/Migrator->usingConnection(NULL, Object(Closure))
#19 G:/QuizFlex/QuizFlex/be_quizflex/vendor/laravel/framework/src/Illuminate/Database/Console/Migrations/MigrateCommand.php(90): Illuminate/Database/Console/Migrations/MigrateCommand->runMigrations()
#20 G:/QuizFlex/QuizFlex/be_quizflex/vendor/laravel/framework/src/Illuminate/Container/BoundMethod.php(36): Illuminate/Database/Console/Migrations/MigrateCommand->handle()
#21 G:/QuizFlex/QuizFlex/be_quizflex/vendor/laravel/framework/src/Illuminate/Container/Util.php(43): Illuminate/Container/BoundMethod::Illuminate/Container/{closure}()
#22 G:/QuizFlex/QuizFlex/be_quizflex/vendor/laravel/framework/src/Illuminate/Container/BoundMethod.php(96): Illuminate/Container/Util::unwrapIfClosure(Object(Closure))
#23 G:/QuizFlex/QuizFlex/be_quizflex/vendor/laravel/framework/src/Illuminate/Container/BoundMethod.php(35): Illuminate/Container/BoundMethod::callBoundMethod(Object(Illuminate/Foundation/Application), Array, Object(Closure))
#24 G:/QuizFlex/QuizFlex/be_quizflex/vendor/laravel/framework/src/Illuminate/Container/Container.php(799): Illuminate/Container/BoundMethod::call(Object(Illuminate/Foundation/Application), Array, Array, NULL)
#25 G:/QuizFlex/QuizFlex/be_quizflex/vendor/laravel/framework/src/Illuminate/Console/Command.php(280): Illuminate/Container/Container->call(Array)
#26 G:/QuizFlex/QuizFlex/be_quizflex/vendor/symfony/console/Command/Command.php(341): Illuminate/Console/Command->execute(Object(Symfony/Component/Console/Input/ArrayInput), Object(Illuminate/Console/OutputStyle))
#27 G:/QuizFlex/QuizFlex/be_quizflex/vendor/laravel/framework/src/Illuminate/Console/Command.php(249): Symfony/Component/Console/Command/Command->run(Object(Symfony/Component/Console/Input/ArrayInput), Object(Illuminate/Console/OutputStyle))
#28 G:/QuizFlex/QuizFlex/be_quizflex/vendor/laravel/framework/src/Illuminate/Console/Concerns/CallsCommands.php(68): Illuminate/Console/Command->run(Object(Symfony/Component/Console/Input/ArrayInput), Object(Illuminate/Console/OutputStyle))
#29 G:/QuizFlex/QuizFlex/be_quizflex/vendor/laravel/framework/src/Illuminate/Console/Concerns/CallsCommands.php(29): Illuminate/Console/Command->runCommand('migrate', Array, Object(Illuminate/Console/OutputStyle))
#30 G:/QuizFlex/QuizFlex/be_quizflex/vendor/laravel/framework/src/Illuminate/Database/Console/Migrations/FreshCommand.php(88): Illuminate/Console/Command->call('migrate', Array)
#31 G:/QuizFlex/QuizFlex/be_quizflex/vendor/laravel/framework/src/Illuminate/Container/BoundMethod.php(36): Illuminate/Database/Console/Migrations/FreshCommand->handle()
#32 G:/QuizFlex/QuizFlex/be_quizflex/vendor/laravel/framework/src/Illuminate/Container/Util.php(43): Illuminate/Container/BoundMethod::Illuminate/Container/{closure}()
#33 G:/QuizFlex/QuizFlex/be_quizflex/vendor/laravel/framework/src/Illuminate/Container/BoundMethod.php(96): Illuminate/Container/Util::unwrapIfClosure(Object(Closure))
#34 G:/QuizFlex/QuizFlex/be_quizflex/vendor/laravel/framework/src/Illuminate/Container/BoundMethod.php(35): Illuminate/Container/BoundMethod::callBoundMethod(Object(Illuminate/Foundation/Application), Array, Object(Closure))
#35 G:/QuizFlex/QuizFlex/be_quizflex/vendor/laravel/framework/src/Illuminate/Container/Container.php(799): Illuminate/Container/BoundMethod::call(Object(Illuminate/Foundation/Application), Array, Array, NULL)
#36 G:/QuizFlex/QuizFlex/be_quizflex/vendor/laravel/framework/src/Illuminate/Console/Command.php(280): Illuminate/Container/Container->call(Array)
#37 G:/QuizFlex/QuizFlex/be_quizflex/vendor/symfony/console/Command/Command.php(341): Illuminate/Console/Command->execute(Object(Symfony/Component/Console/Input/ArgvInput), Object(Illuminate/Console/OutputStyle))
#38 G:/QuizFlex/QuizFlex/be_quizflex/vendor/laravel/framework/src/Illuminate/Console/Command.php(249): Symfony/Component/Console/Command/Command->run(Object(Symfony/Component/Console/Input/ArgvInput), Object(Illuminate/Console/OutputStyle))
#39 G:/QuizFlex/QuizFlex/be_quizflex/vendor/symfony/console/Application.php(1117): Illuminate/Console/Command->run(Object(Symfony/Component/Console/Input/ArgvInput), Object(Symfony/Component/Console/Output/ConsoleOutput))
#40 G:/QuizFlex/QuizFlex/be_quizflex/vendor/symfony/console/Application.php(356): Symfony/Component/Console/Application->doRunCommand(Object(Illuminate/Database/Console/Migrations/FreshCommand), Object(Symfony/Component/Console/Input/ArgvInput), Object(Symfony/Component/Console/Output/ConsoleOutput))
#41 G:/QuizFlex/QuizFlex/be_quizflex/vendor/symfony/console/Application.php(195): Symfony/Component/Console/Application->doRun(Object(Symfony/Component/Console/Input/ArgvInput), Object(Symfony/Component/Console/Output/ConsoleOutput))
#42 G:/QuizFlex/QuizFlex/be_quizflex/vendor/laravel/framework/src/Illuminate/Foundation/Console/Kernel.php(198): Symfony/Component/Console/Application->run(Object(Symfony/Component/Console/Input/ArgvInput), Object(Symfony/Component/Console/Output/ConsoleOutput))
#43 G:/QuizFlex/QuizFlex/be_quizflex/vendor/laravel/framework/src/Illuminate/Foundation/Application.php(1235): Illuminate/Foundation/Console/Kernel->handle(Object(Symfony/Component/Console/Input/ArgvInput), Object(Symfony/Component/Console/Output/ConsoleOutput))
#44 G:/QuizFlex/QuizFlex/be_quizflex/artisan(16): Illuminate/Foundation/Application->handleCommand(Object(Symfony/Component/Console/Input/ArgvInput))
#45 {main}

[previous exception] [object] (PDOException(code: 42S01): SQLSTATE[42S01]: Base table or view already exists: 1050 Table 'answers' already exists at G:/QuizFlex/QuizFlex/be_quizflex/vendor/laravel/framework/src/Illuminate/Database/Connection.php:587)
[stacktrace]
#0 G:/QuizFlex/QuizFlex/be_quizflex/vendor/laravel/framework/src/Illuminate/Database/Connection.php(587): PDOStatement->execute()
#1 G:/QuizFlex/QuizFlex/be_quizflex/vendor/laravel/framework/src/Illuminate/Database/Connection.php(830): Illuminate/Database/Connection->Illuminate/Database/{closure}('create table `a...', Array)
#2 G:/QuizFlex/QuizFlex/be_quizflex/vendor/laravel/framework/src/Illuminate/Database/Connection.php(797): Illuminate/Database/Connection->runQueryCallback('create table `a...', Array, Object(Closure))
#3 G:/QuizFlex/QuizFlex/be_quizflex/vendor/laravel/framework/src/Illuminate/Database/Connection.php(576): Illuminate/Database/Connection->run('create table `a...', Array, Object(Closure))
#4 G:/QuizFlex/QuizFlex/be_quizflex/vendor/laravel/framework/src/Illuminate/Database/Schema/Blueprint.php(121): Illuminate/Database/Connection->statement('create table `a...')
#5 G:/QuizFlex/QuizFlex/be_quizflex/vendor/laravel/framework/src/Illuminate/Database/Schema/Builder.php(690): Illuminate/Database/Schema/Blueprint->build()
#6 G:/QuizFlex/QuizFlex/be_quizflex/vendor/laravel/framework/src/Illuminate/Database/Schema/Builder.php(508): Illuminate/Database/Schema/Builder->build(Object(Illuminate/Database/Schema/Blueprint))
#7 G:/QuizFlex/QuizFlex/be_quizflex/vendor/laravel/framework/src/Illuminate/Support/Facades/Facade.php(363): Illuminate/Database/Schema/Builder->create('answers', Object(Closure))
#8 G:/QuizFlex/QuizFlex/be_quizflex/database/migrations/2026_05_16_105703_create_answers_table.php.php(14): Illuminate/Support/Facades/Facade::__callStatic('create', Array)
#9 G:/QuizFlex/QuizFlex/be_quizflex/vendor/laravel/framework/src/Illuminate/Database/Migrations/Migrator.php(517): Illuminate/Database/Migrations/Migration@anonymous->up()
#10 G:/QuizFlex/QuizFlex/be_quizflex/vendor/laravel/framework/src/Illuminate/Database/Migrations/Migrator.php(442): Illuminate/Database/Migrations/Migrator->runMethod(Object(Illuminate/Database/MySqlConnection), Object(Illuminate/Database/Migrations/Migration@anonymous), 'up')
#11 G:/QuizFlex/QuizFlex/be_quizflex/vendor/laravel/framework/src/Illuminate/Database/Migrations/Migrator.php(451): Illuminate/Database/Migrations/Migrator->Illuminate/Database/Migrations/{closure}()
#12 G:/QuizFlex/QuizFlex/be_quizflex/vendor/laravel/framework/src/Illuminate/Database/Migrations/Migrator.php(253): Illuminate/Database/Migrations/Migrator->runMigration(Object(Illuminate/Database/Migrations/Migration@anonymous), 'up', '2026_05_16_1057...')
#13 G:/QuizFlex/QuizFlex/be_quizflex/vendor/laravel/framework/src/Illuminate/Console/View/Components/Task.php(43): Illuminate/Database/Migrations/Migrator->Illuminate/Database/Migrations/{closure}()
#14 G:/QuizFlex/QuizFlex/be_quizflex/vendor/laravel/framework/src/Illuminate/Database/Migrations/Migrator.php(814): Illuminate/Console/View/Components/Task->render('2026_05_16_1057...', Object(Closure))
#15 G:/QuizFlex/QuizFlex/be_quizflex/vendor/laravel/framework/src/Illuminate/Database/Migrations/Migrator.php(253): Illuminate/Database/Migrations/Migrator->write('Illuminate//Cons...', '2026_05_16_1057...', Object(Closure))
#16 G:/QuizFlex/QuizFlex/be_quizflex/vendor/laravel/framework/src/Illuminate/Database/Migrations/Migrator.php(211): Illuminate/Database/Migrations/Migrator->runUp('G://QuizFlex//Qui...', 1, false)
#17 G:/QuizFlex/QuizFlex/be_quizflex/vendor/laravel/framework/src/Illuminate/Database/Migrations/Migrator.php(138): Illuminate/Database/Migrations/Migrator->runPending(Array, Array)
#18 G:/QuizFlex/QuizFlex/be_quizflex/vendor/laravel/framework/src/Illuminate/Database/Console/Migrations/MigrateCommand.php(118): Illuminate/Database/Migrations/Migrator->run(Array, Array)
#19 G:/QuizFlex/QuizFlex/be_quizflex/vendor/laravel/framework/src/Illuminate/Database/Migrations/Migrator.php(671): Illuminate/Database/Console/Migrations/MigrateCommand->Illuminate/Database/Console/Migrations/{closure}()
#20 G:/QuizFlex/QuizFlex/be_quizflex/vendor/laravel/framework/src/Illuminate/Database/Console/Migrations/MigrateCommand.php(111): Illuminate/Database/Migrations/Migrator->usingConnection(NULL, Object(Closure))
#21 G:/QuizFlex/QuizFlex/be_quizflex/vendor/laravel/framework/src/Illuminate/Database/Console/Migrations/MigrateCommand.php(90): Illuminate/Database/Console/Migrations/MigrateCommand->runMigrations()
#22 G:/QuizFlex/QuizFlex/be_quizflex/vendor/laravel/framework/src/Illuminate/Container/BoundMethod.php(36): Illuminate/Database/Console/Migrations/MigrateCommand->handle()
#23 G:/QuizFlex/QuizFlex/be_quizflex/vendor/laravel/framework/src/Illuminate/Container/Util.php(43): Illuminate/Container/BoundMethod::Illuminate/Container/{closure}()
#24 G:/QuizFlex/QuizFlex/be_quizflex/vendor/laravel/framework/src/Illuminate/Container/BoundMethod.php(96): Illuminate/Container/Util::unwrapIfClosure(Object(Closure))
#25 G:/QuizFlex/QuizFlex/be_quizflex/vendor/laravel/framework/src/Illuminate/Container/BoundMethod.php(35): Illuminate/Container/BoundMethod::callBoundMethod(Object(Illuminate/Foundation/Application), Array, Object(Closure))
#26 G:/QuizFlex/QuizFlex/be_quizflex/vendor/laravel/framework/src/Illuminate/Container/Container.php(799): Illuminate/Container/BoundMethod::call(Object(Illuminate/Foundation/Application), Array, Array, NULL)
#27 G:/QuizFlex/QuizFlex/be_quizflex/vendor/laravel/framework/src/Illuminate/Console/Command.php(280): Illuminate/Container/Container->call(Array)
#28 G:/QuizFlex/QuizFlex/be_quizflex/vendor/symfony/console/Command/Command.php(341): Illuminate/Console/Command->execute(Object(Symfony/Component/Console/Input/ArrayInput), Object(Illuminate/Console/OutputStyle))
#29 G:/QuizFlex/QuizFlex/be_quizflex/vendor/laravel/framework/src/Illuminate/Console/Command.php(249): Symfony/Component/Console/Command/Command->run(Object(Symfony/Component/Console/Input/ArrayInput), Object(Illuminate/Console/OutputStyle))
#30 G:/QuizFlex/QuizFlex/be_quizflex/vendor/laravel/framework/src/Illuminate/Console/Concerns/CallsCommands.php(68): Illuminate/Console/Command->run(Object(Symfony/Component/Console/Input/ArrayInput), Object(Illuminate/Console/OutputStyle))
#31 G:/QuizFlex/QuizFlex/be_quizflex/vendor/laravel/framework/src/Illuminate/Console/Concerns/CallsCommands.php(29): Illuminate/Console/Command->runCommand('migrate', Array, Object(Illuminate/Console/OutputStyle))
#32 G:/QuizFlex/QuizFlex/be_quizflex/vendor/laravel/framework/src/Illuminate/Database/Console/Migrations/FreshCommand.php(88): Illuminate/Console/Command->call('migrate', Array)
#33 G:/QuizFlex/QuizFlex/be_quizflex/vendor/laravel/framework/src/Illuminate/Container/BoundMethod.php(36): Illuminate/Database/Console/Migrations/FreshCommand->handle()
#34 G:/QuizFlex/QuizFlex/be_quizflex/vendor/laravel/framework/src/Illuminate/Container/Util.php(43): Illuminate/Container/BoundMethod::Illuminate/Container/{closure}()
#35 G:/QuizFlex/QuizFlex/be_quizflex/vendor/laravel/framework/src/Illuminate/Container/BoundMethod.php(96): Illuminate/Container/Util::unwrapIfClosure(Object(Closure))
#36 G:/QuizFlex/QuizFlex/be_quizflex/vendor/laravel/framework/src/Illuminate/Container/BoundMethod.php(35): Illuminate/Container/BoundMethod::callBoundMethod(Object(Illuminate/Foundation/Application), Array, Object(Closure))
#37 G:/QuizFlex/QuizFlex/be_quizflex/vendor/laravel/framework/src/Illuminate/Container/Container.php(799): Illuminate/Container/BoundMethod::call(Object(Illuminate/Foundation/Application), Array, Array, NULL)
#38 G:/QuizFlex/QuizFlex/be_quizflex/vendor/laravel/framework/src/Illuminate/Console/Command.php(280): Illuminate/Container/Container->call(Array)
#39 G:/QuizFlex/QuizFlex/be_quizflex/vendor/symfony/console/Command/Command.php(341): Illuminate/Console/Command->execute(Object(Symfony/Component/Console/Input/ArgvInput), Object(Illuminate/Console/OutputStyle))
#40 G:/QuizFlex/QuizFlex/be_quizflex/vendor/laravel/framework/src/Illuminate/Console/Command.php(249): Symfony/Component/Console/Command/Command->run(Object(Symfony/Component/Console/Input/ArgvInput), Object(Illuminate/Console/OutputStyle))
#41 G:/QuizFlex/QuizFlex/be_quizflex/vendor/symfony/console/Application.php(1117): Illuminate/Console/Command->run(Object(Symfony/Component/Console/Input/ArgvInput), Object(Symfony/Component/Console/Output/ConsoleOutput))
#42 G:/QuizFlex/QuizFlex/be_quizflex/vendor/symfony/console/Application.php(356): Symfony/Component/Console/Application->doRunCommand(Object(Illuminate/Database/Console/Migrations/FreshCommand), Object(Symfony/Component/Console/Input/ArgvInput), Object(Symfony/Component/Console/Output/ConsoleOutput))
#43 G:/QuizFlex/QuizFlex/be_quizflex/vendor/symfony/console/Application.php(195): Symfony/Component/Console/Application->doRun(Object(Symfony/Component/Console/Input/ArgvInput), Object(Symfony/Component/Console/Output/ConsoleOutput))
#44 G:/QuizFlex/QuizFlex/be_quizflex/vendor/laravel/framework/src/Illuminate/Foundation/Console/Kernel.php(198): Symfony/Component/Console/Application->run(Object(Symfony/Component/Console/Input/ArgvInput), Object(Symfony/Component/Console/Output/ConsoleOutput))
#45 G:/QuizFlex/QuizFlex/be_quizflex/vendor/laravel/framework/src/Illuminate/Foundation/Application.php(1235): Illuminate/Foundation/Console/Kernel->handle(Object(Symfony/Component/Console/Input/ArgvInput), Object(Symfony/Component/Console/Output/ConsoleOutput))
#46 G:/QuizFlex/QuizFlex/be_quizflex/artisan(16): Illuminate/Foundation/Application->handleCommand(Object(Symfony/Component/Console/Input/ArgvInput))
#47 {main}
"} 
[2026-05-20 12:45:45] local.INFO: QuizPolicy@view check {"quiz_id":1,"quiz_is_public":true,"room_code":null,"user_id":"null","user_role":"null","quiz_user_id":1} 
[2026-05-20 13:02:00] local.INFO: QuizPolicy@view check {"quiz_id":5,"quiz_is_public":true,"room_code":null,"user_id":"null","user_role":"null","quiz_user_id":2} 
[2026-05-20 13:07:04] local.INFO: QuizPolicy@view check {"quiz_id":7,"quiz_is_public":true,"room_code":null,"user_id":"null","user_role":"null","quiz_user_id":3} 
[2026-05-20 13:07:12] local.INFO: QuizPolicy@view check {"quiz_id":7,"quiz_is_public":true,"room_code":null,"user_id":"null","user_role":"null","quiz_user_id":3} 
[2026-05-20 13:07:32] local.INFO: QuizPolicy@view check {"quiz_id":7,"quiz_is_public":true,"room_code":null,"user_id":"null","user_role":"null","quiz_user_id":3} 
[2026-05-20 13:08:22] local.INFO: QuizPolicy@view check {"quiz_id":7,"quiz_is_public":true,"room_code":null,"user_id":"null","user_role":"null","quiz_user_id":3} 
[2026-05-20 13:08:42] local.INFO: QuizPolicy@view check {"quiz_id":7,"quiz_is_public":true,"room_code":null,"user_id":"null","user_role":"null","quiz_user_id":3} 
[2026-05-20 13:23:45] local.INFO: QuizPolicy@view check {"quiz_id":2,"quiz_is_public":true,"room_code":null,"user_id":"null","user_role":"null","quiz_user_id":1} 
[2026-05-20 13:23:50] local.INFO: QuizPolicy@view check {"quiz_id":7,"quiz_is_public":true,"room_code":null,"user_id":"null","user_role":"null","quiz_user_id":3} 
[2026-05-20 13:24:42] local.INFO: QuizPolicy@view check {"quiz_id":7,"quiz_is_public":true,"room_code":null,"user_id":"null","user_role":"null","quiz_user_id":3} 
[2026-05-20 13:27:09] local.INFO: QuizPolicy@view check {"quiz_id":7,"quiz_is_public":true,"room_code":null,"user_id":"null","user_role":"null","quiz_user_id":3} 
[2026-05-20 13:27:14] local.INFO: QuizPolicy@view check {"quiz_id":7,"quiz_is_public":true,"room_code":null,"user_id":"null","user_role":"null","quiz_user_id":3} 
[2026-05-20 13:28:04] local.INFO: QuizPolicy@view check {"quiz_id":7,"quiz_is_public":true,"room_code":null,"user_id":"null","user_role":"null","quiz_user_id":3} 
[2026-05-20 13:29:10] local.INFO: QuizPolicy@view check {"quiz_id":5,"quiz_is_public":true,"room_code":null,"user_id":"null","user_role":"null","quiz_user_id":2} 
[2026-05-20 13:29:40] local.INFO: QuizPolicy@view check {"quiz_id":7,"quiz_is_public":true,"room_code":null,"user_id":"null","user_role":"null","quiz_user_id":3} 
[2026-05-20 13:29:56] local.INFO: QuizPolicy@view check {"quiz_id":7,"quiz_is_public":true,"room_code":null,"user_id":"null","user_role":"null","quiz_user_id":3} 
[2026-05-20 13:36:48] local.INFO: QuizPolicy@view check {"quiz_id":7,"quiz_is_public":true,"room_code":null,"user_id":"null","user_role":"null","quiz_user_id":3} 
[2026-05-20 13:39:30] local.INFO: QuizPolicy@view check {"quiz_id":7,"quiz_is_public":true,"room_code":null,"user_id":"null","user_role":"null","quiz_user_id":3} 
[2026-05-20 13:39:55] local.INFO: QuizPolicy@view check {"quiz_id":7,"quiz_is_public":true,"room_code":null,"user_id":"null","user_role":"null","quiz_user_id":3} 
[2026-05-20 13:54:05] local.INFO: QuizPolicy@view check {"quiz_id":7,"quiz_is_public":true,"room_code":null,"user_id":"null","user_role":"null","quiz_user_id":3} 
[2026-05-20 13:55:47] local.INFO: QuizPolicy@view check {"quiz_id":7,"quiz_is_public":true,"room_code":null,"user_id":"null","user_role":"null","quiz_user_id":3} 
[2026-05-20 14:01:29] local.INFO: QuizPolicy@view check {"quiz_id":7,"quiz_is_public":true,"room_code":null,"user_id":"null","user_role":"null","quiz_user_id":3} 
[2026-05-20 14:02:28] local.INFO: QuizPolicy@view check {"quiz_id":7,"quiz_is_public":true,"room_code":null,"user_id":"null","user_role":"null","quiz_user_id":3} 
[2026-05-20 14:04:34] local.INFO: QuizPolicy@view check {"quiz_id":7,"quiz_is_public":true,"room_code":null,"user_id":"null","user_role":"null","quiz_user_id":3} 
[2026-05-20 14:43:40] local.INFO: QuizPolicy@view check {"quiz_id":4,"quiz_is_public":true,"room_code":null,"user_id":"null","user_role":"null","quiz_user_id":2} 
[2026-05-20 14:43:54] local.INFO: QuizPolicy@view check {"quiz_id":7,"quiz_is_public":true,"room_code":null,"user_id":"null","user_role":"null","quiz_user_id":3} 
[2026-05-20 15:24:04] local.INFO: QuizPolicy@view check {"quiz_id":5,"quiz_is_public":true,"room_code":null,"user_id":"null","user_role":"null","quiz_user_id":2} 
[2026-05-20 15:36:10] local.INFO: QuizPolicy@view check {"quiz_id":7,"quiz_is_public":true,"room_code":null,"user_id":"null","user_role":"null","quiz_user_id":3} 
